[0327/174922.126:ERROR:process_memory_win.cc(73)] ReadMemory at 0x7ff7a2cf0000 of 64 bytes failed: 仅完成部分的 ReadProcessMemory 或 WriteProcessMemory 请求。 (0x12B)
[0327/174922.128:WARNING:pe_image_reader.cc(340)] could not read dos header from C:\Program Files (x86)\Google\Chrome\Application\chrome.exe
[0327/174922.128:ERROR:process_memory_win.cc(73)] ReadMemory at 0x7ff864a90000 of 64 bytes failed: 仅完成部分的 ReadProcessMemory 或 WriteProcessMemory 请求。 (0x12B)
[0327/174922.128:WARNING:pe_image_reader.cc(340)] could not read dos header from C:\Windows\SYSTEM32\ntdll.dll
[0327/174922.128:ERROR:process_memory_win.cc(73)] ReadMemory at 0x7ff862a00000 of 64 bytes failed: 仅完成部分的 ReadProcessMemory 或 WriteProcessMemory 请求。 (0x12B)
[0327/174922.128:WARNING:pe_image_reader.cc(340)] could not read dos header from C:\Windows\System32\KERNEL32.DLL
[0327/174922.128:ERROR:process_memory_win.cc(73)] ReadMemory at 0x7ff8617a0000 of 64 bytes failed: 仅完成部分的 ReadProcessMemory 或 WriteProcessMemory 请求。 (0x12B)
[0327/174922.128:WARNING:pe_image_reader.cc(340)] could not read dos header from C:\Windows\System32\KERNELBASE.dll
[0327/174922.128:ERROR:process_memory_win.cc(73)] ReadMemory at 0x7ff826640000 of 64 bytes failed: 仅完成部分的 ReadProcessMemory 或 WriteProcessMemory 请求。 (0x12B)
[0327/174922.128:WARNING:pe_image_reader.cc(340)] could not read dos header from C:\Program Files (x86)\Google\Chrome\Application\80.0.3987.122\chrome_elf.dll
[0327/174922.128:ERROR:process_memory_win.cc(73)] ReadMemory at 0x7ff854280000 of 64 bytes failed: 仅完成部分的 ReadProcessMemory 或 WriteProcessMemory 请求。 (0x12B)
[0327/174922.128:WARNING:pe_image_reader.cc(340)] could not read dos header from C:\Windows\SYSTEM32\VERSION.dll
[0327/174922.128:ERROR:process_memory_win.cc(73)] ReadMemory at 0x7ff861e50000 of 64 bytes failed: 仅完成部分的 ReadProcessMemory 或 WriteProcessMemory 请求。 (0x12B)
[0327/174922.128:WARNING:pe_image_reader.cc(340)] could not read dos header from C:\Windows\System32\msvcrt.dll
[0327/174922.128:ERROR:process_memory_win.cc(73)] ReadMemory at 0x7ff860ba0000 of 64 bytes failed: 仅完成部分的 ReadProcessMemory 或 WriteProcessMemory 请求。 (0x12B)
[0327/174922.128:WARNING:pe_image_reader.cc(340)] could not read dos header from C:\Windows\System32\bcryptPrimitives.dll
[0327/174922.128:ERROR:process_memory_win.cc(73)] ReadMemory at 0x7ff8648d0000 of 64 bytes failed: 仅完成部分的 ReadProcessMemory 或 WriteProcessMemory 请求。 (0x12B)
[0327/174922.129:WARNING:pe_image_reader.cc(340)] could not read dos header from C:\Windows\System32\ADVAPI32.dll
[0327/174922.129:ERROR:process_memory_win.cc(73)] ReadMemory at 0x7ff864660000 of 64 bytes failed: 仅完成部分的 ReadProcessMemory 或 WriteProcessMemory 请求。 (0x12B)
[0327/174922.129:WARNING:pe_image_reader.cc(340)] could not read dos header from C:\Windows\System32\sechost.dll
[0327/174922.129:ERROR:process_memory_win.cc(73)] ReadMemory at 0x7ff862870000 of 64 bytes failed: 仅完成部分的 ReadProcessMemory 或 WriteProcessMemory 请求。 (0x12B)
[0327/174922.129:WARNING:pe_image_reader.cc(340)] could not read dos header from C:\Windows\System32\RPCRT4.dll
[0327/174922.129:ERROR:process_memory_win.cc(73)] ReadMemory at 0x7ff8046a0000 of 64 bytes failed: 仅完成部分的 ReadProcessMemory 或 WriteProcessMemory 请求。 (0x12B)
[0327/174922.129:WARNING:pe_image_reader.cc(340)] could not read dos header from C:\Program Files (x86)\Google\Chrome\Application\80.0.3987.122\chrome.dll
[0327/174922.129:ERROR:process_memory_win.cc(73)] ReadMemory at 0x7ff8647b0000 of 64 bytes failed: 仅完成部分的 ReadProcessMemory 或 WriteProcessMemory 请求。 (0x12B)
[0327/174922.129:WARNING:pe_image_reader.cc(340)] could not read dos header from C:\Windows\System32\WS2_32.dll
[0327/174922.129:ERROR:process_memory_win.cc(73)] ReadMemory at 0x7ff863090000 of 64 bytes failed: 仅完成部分的 ReadProcessMemory 或 WriteProcessMemory 请求。 (0x12B)
[0327/174922.129:WARNING:pe_image_reader.cc(340)] could not read dos header from C:\Windows\System32\OLEAUT32.dll
[0327/174922.129:ERROR:process_memory_win.cc(73)] ReadMemory at 0x7ff861a40000 of 64 bytes failed: 仅完成部分的 ReadProcessMemory 或 WriteProcessMemory 请求。 (0x12B)
[0327/174922.129:WARNING:pe_image_reader.cc(340)] could not read dos header from C:\Windows\System32\msvcp_win.dll
[0327/174922.129:ERROR:process_memory_win.cc(73)] ReadMemory at 0x7ff861bb0000 of 64 bytes failed: 仅完成部分的 ReadProcessMemory 或 WriteProcessMemory 请求。 (0x12B)
[0327/174922.129:WARNING:pe_image_reader.cc(340)] could not read dos header from C:\Windows\System32\ucrtbase.dll
[0327/174922.129:ERROR:process_memory_win.cc(73)] ReadMemory at 0x7ff862c10000 of 64 bytes failed: 仅完成部分的 ReadProcessMemory 或 WriteProcessMemory 请求。 (0x12B)
[0327/174922.129:WARNING:pe_image_reader.cc(340)] could not read dos header from C:\Windows\System32\combase.dll
[0327/174922.129:ERROR:process_memory_win.cc(73)] ReadMemory at 0x7ff861ae0000 of 64 bytes failed: 仅完成部分的 ReadProcessMemory 或 WriteProcessMemory 请求。 (0x12B)
[0327/174922.129:WARNING:pe_image_reader.cc(340)] could not read dos header from C:\Windows\System32\WINTRUST.dll
[0327/174922.130:ERROR:process_memory_win.cc(73)] ReadMemory at 0x7ff860b30000 of 64 bytes failed: 仅完成部分的 ReadProcessMemory 或 WriteProcessMemory 请求。 (0x12B)
[0327/174922.130:WARNING:pe_image_reader.cc(340)] could not read dos header from C:\Windows\System32\MSASN1.dll
[0327/174922.130:ERROR:process_memory_win.cc(73)] ReadMemory at 0x7ff861420000 of 64 bytes failed: 仅完成部分的 ReadProcessMemory 或 WriteProcessMemory 请求。 (0x12B)
[0327/174922.130:WARNING:pe_image_reader.cc(340)] could not read dos header from C:\Windows\System32\CRYPT32.dll
[0327/174922.130:ERROR:process_memory_win.cc(73)] ReadMemory at 0x7ff860010000 of 64 bytes failed: 仅完成部分的 ReadProcessMemory 或 WriteProcessMemory 请求。 (0x12B)
[0327/174922.130:WARNING:pe_image_reader.cc(340)] could not read dos header from C:\Windows\SYSTEM32\IPHLPAPI.DLL
[0327/174922.130:ERROR:process_memory_win.cc(73)] ReadMemory at 0x7ff85e770000 of 64 bytes failed: 仅完成部分的 ReadProcessMemory 或 WriteProcessMemory 请求。 (0x12B)
[0327/174922.130:WARNING:pe_image_reader.cc(340)] could not read dos header from C:\Windows\SYSTEM32\WINMM.dll
[0327/174922.130:ERROR:process_memory_win.cc(73)] ReadMemory at 0x7ff83f490000 of 64 bytes failed: 仅完成部分的 ReadProcessMemory 或 WriteProcessMemory 请求。 (0x12B)
[0327/174922.130:WARNING:pe_image_reader.cc(340)] could not read dos header from C:\Windows\SYSTEM32\Secur32.dll
[0327/174922.130:ERROR:process_memory_win.cc(73)] ReadMemory at 0x7ff860980000 of 64 bytes failed: 仅完成部分的 ReadProcessMemory 或 WriteProcessMemory 请求。 (0x12B)
[0327/174922.130:WARNING:pe_image_reader.cc(340)] could not read dos header from C:\Windows\SYSTEM32\USERENV.dll
[0327/174922.130:ERROR:process_memory_win.cc(73)] ReadMemory at 0x7ff860a80000 of 64 bytes failed: 仅完成部分的 ReadProcessMemory 或 WriteProcessMemory 请求。 (0x12B)
[0327/174922.130:WARNING:pe_image_reader.cc(340)] could not read dos header from C:\Windows\System32\profapi.dll
[0327/174922.130:ERROR:process_memory_win.cc(73)] ReadMemory at 0x7ff8396e0000 of 64 bytes failed: 仅完成部分的 ReadProcessMemory 或 WriteProcessMemory 请求。 (0x12B)
[0327/174922.130:WARNING:pe_image_reader.cc(340)] could not read dos header from C:\Windows\SYSTEM32\UIAutomationCore.DLL
[0327/174922.130:ERROR:process_memory_win.cc(73)] ReadMemory at 0x7ff84e290000 of 64 bytes failed: 仅完成部分的 ReadProcessMemory 或 WriteProcessMemory 请求。 (0x12B)
[0327/174922.130:WARNING:pe_image_reader.cc(340)] could not read dos header from C:\Windows\SYSTEM32\DWrite.dll
[0327/174922.130:ERROR:process_memory_win.cc(73)] ReadMemory at 0x7ff83ad60000 of 64 bytes failed: 仅完成部分的 ReadProcessMemory 或 WriteProcessMemory 请求。 (0x12B)
[0327/174922.130:WARNING:pe_image_reader.cc(340)] could not read dos header from C:\Windows\SYSTEM32\WINSPOOL.DRV
[0327/174922.131:ERROR:process_memory_win.cc(73)] ReadMemory at 0x7ff860ab0000 of 64 bytes failed: 仅完成部分的 ReadProcessMemory 或 WriteProcessMemory 请求。 (0x12B)
[0327/174922.131:WARNING:pe_image_reader.cc(340)] could not read dos header from C:\Windows\System32\kernel.appcore.dll
[0327/174922.131:ERROR:process_memory_win.cc(73)] ReadMemory at 0x7ff861b80000 of 64 bytes failed: 仅完成部分的 ReadProcessMemory 或 WriteProcessMemory 请求。 (0x12B)
[0327/174922.131:WARNING:pe_image_reader.cc(340)] could not read dos header from C:\Windows\System32\bcrypt.dll
[0327/174922.131:ERROR:process_memory_win.cc(73)] ReadMemory at 0x7ff85f440000 of 64 bytes failed: 仅完成部分的 ReadProcessMemory 或 WriteProcessMemory 请求。 (0x12B)
[0327/174922.131:WARNING:pe_image_reader.cc(340)] could not read dos header from C:\Windows\SYSTEM32\dbghelp.dll
[0327/174922.131:ERROR:process_memory_win.cc(73)] ReadMemory at 0x7ff85c980000 of 64 bytes failed: 仅完成部分的 ReadProcessMemory 或 WriteProcessMemory 请求。 (0x12B)
[0327/174922.131:WARNING:pe_image_reader.cc(340)] could not read dos header from C:\Windows\SYSTEM32\WINHTTP.dll
[0327/174922.131:ERROR:process_memory_win.cc(73)] ReadMemory at 0x7ff852cb0000 of 64 bytes failed: 仅完成部分的 ReadProcessMemory 或 WriteProcessMemory 请求。 (0x12B)
[0327/174922.131:WARNING:pe_image_reader.cc(340)] could not read dos header from C:\Windows\SYSTEM32\dhcpcsvc.DLL
[0327/174922.131:ERROR:process_memory_win.cc(73)] ReadMemory at 0x7ff862f40000 of 64 bytes failed: 仅完成部分的 ReadProcessMemory 或 WriteProcessMemory 请求。 (0x12B)
[0327/174922.131:WARNING:pe_image_reader.cc(340)] could not read dos header from C:\Windows\System32\NSI.dll
[0327/174922.131:ERROR:process_memory_win.cc(73)] ReadMemory at 0x7ff85e740000 of 64 bytes failed: 仅完成部分的 ReadProcessMemory 或 WriteProcessMemory 请求。 (0x12B)
[0327/174922.131:WARNING:pe_image_reader.cc(340)] could not read dos header from C:\Windows\SYSTEM32\WINMMBASE.dll
[0327/174922.131:ERROR:process_memory_win.cc(73)] ReadMemory at 0x7ff860b50000 of 64 bytes failed: 仅完成部分的 ReadProcessMemory 或 WriteProcessMemory 请求。 (0x12B)
[0327/174922.131:WARNING:pe_image_reader.cc(340)] could not read dos header from C:\Windows\System32\cfgmgr32.dll
[0327/174922.131:ERROR:process_memory_win.cc(73)] ReadMemory at 0x7ff8516f0000 of 64 bytes failed: 仅完成部分的 ReadProcessMemory 或 WriteProcessMemory 请求。 (0x12B)
[0327/174922.131:WARNING:pe_image_reader.cc(340)] could not read dos header from C:\Windows\SYSTEM32\Bcp47Langs.dll
[0327/174922.131:ERROR:process_memory_win.cc(73)] ReadMemory at 0x7ff85e260000 of 64 bytes failed: 仅完成部分的 ReadProcessMemory 或 WriteProcessMemory 请求。 (0x12B)
[0327/174922.131:WARNING:pe_image_reader.cc(340)] could not read dos header from C:\Windows\SYSTEM32\PROPSYS.dll
[0327/174922.131:ERROR:process_memory_win.cc(73)] ReadMemory at 0x7ff864700000 of 64 bytes failed: 仅完成部分的 ReadProcessMemory 或 WriteProcessMemory 请求。 (0x12B)
[0327/174922.131:WARNING:pe_image_reader.cc(340)] could not read dos header from C:\Windows\System32\shcore.dll
[0327/174922.131:ERROR:process_memory_win.cc(73)] ReadMemory at 0x7ff8609b0000 of 64 bytes failed: 仅完成部分的 ReadProcessMemory 或 WriteProcessMemory 请求。 (0x12B)
[0327/174922.131:WARNING:pe_image_reader.cc(340)] could not read dos header from C:\Windows\SYSTEM32\SSPICLI.DLL
[0327/174922.131:ERROR:process_memory_win.cc(73)] ReadMemory at 0x7ff8604c0000 of 64 bytes failed: 仅完成部分的 ReadProcessMemory 或 WriteProcessMemory 请求。 (0x12B)
[0327/174922.131:WARNING:pe_image_reader.cc(340)] could not read dos header from C:\Windows\SYSTEM32\CRYPTBASE.DLL
[0327/174922.131:ERROR:process_memory_win.cc(73)] ReadMemory at 0x7ff7a2cf0000 of 64 bytes failed: 仅完成部分的 ReadProcessMemory 或 WriteProcessMemory 请求。 (0x12B)
[0327/174922.132:WARNING:pe_image_reader.cc(340)] could not read dos header from C:\Program Files (x86)\Google\Chrome\Application\chrome.exe
[0327/174922.132:ERROR:process_memory_win.cc(73)] ReadMemory at 0x7ff864a90000 of 64 bytes failed: 仅完成部分的 ReadProcessMemory 或 WriteProcessMemory 请求。 (0x12B)
[0327/174922.132:WARNING:pe_image_reader.cc(340)] could not read dos header from C:\Windows\SYSTEM32\ntdll.dll
[0327/174922.132:ERROR:process_memory_win.cc(73)] ReadMemory at 0x7ff862a00000 of 64 bytes failed: 仅完成部分的 ReadProcessMemory 或 WriteProcessMemory 请求。 (0x12B)
[0327/174922.132:WARNING:pe_image_reader.cc(340)] could not read dos header from C:\Windows\System32\KERNEL32.DLL
[0327/174922.132:ERROR:process_memory_win.cc(73)] ReadMemory at 0x7ff8617a0000 of 64 bytes failed: 仅完成部分的 ReadProcessMemory 或 WriteProcessMemory 请求。 (0x12B)
[0327/174922.132:WARNING:pe_image_reader.cc(340)] could not read dos header from C:\Windows\System32\KERNELBASE.dll
[0327/174922.132:ERROR:process_memory_win.cc(73)] ReadMemory at 0x7ff826640000 of 64 bytes failed: 仅完成部分的 ReadProcessMemory 或 WriteProcessMemory 请求。 (0x12B)
[0327/174922.132:WARNING:pe_image_reader.cc(340)] could not read dos header from C:\Program Files (x86)\Google\Chrome\Application\80.0.3987.122\chrome_elf.dll
[0327/174922.132:ERROR:process_memory_win.cc(73)] ReadMemory at 0x7ff854280000 of 64 bytes failed: 仅完成部分的 ReadProcessMemory 或 WriteProcessMemory 请求。 (0x12B)
[0327/174922.132:WARNING:pe_image_reader.cc(340)] could not read dos header from C:\Windows\SYSTEM32\VERSION.dll
[0327/174922.132:ERROR:process_memory_win.cc(73)] ReadMemory at 0x7ff861e50000 of 64 bytes failed: 仅完成部分的 ReadProcessMemory 或 WriteProcessMemory 请求。 (0x12B)
[0327/174922.132:WARNING:pe_image_reader.cc(340)] could not read dos header from C:\Windows\System32\msvcrt.dll
[0327/174922.132:ERROR:process_memory_win.cc(73)] ReadMemory at 0x7ff860ba0000 of 64 bytes failed: 仅完成部分的 ReadProcessMemory 或 WriteProcessMemory 请求。 (0x12B)
[0327/174922.132:WARNING:pe_image_reader.cc(340)] could not read dos header from C:\Windows\System32\bcryptPrimitives.dll
[0327/174922.132:ERROR:process_memory_win.cc(73)] ReadMemory at 0x7ff8648d0000 of 64 bytes failed: 仅完成部分的 ReadProcessMemory 或 WriteProcessMemory 请求。 (0x12B)
[0327/174922.132:WARNING:pe_image_reader.cc(340)] could not read dos header from C:\Windows\System32\ADVAPI32.dll
[0327/174922.132:ERROR:process_memory_win.cc(73)] ReadMemory at 0x7ff864660000 of 64 bytes failed: 仅完成部分的 ReadProcessMemory 或 WriteProcessMemory 请求。 (0x12B)
[0327/174922.132:WARNING:pe_image_reader.cc(340)] could not read dos header from C:\Windows\System32\sechost.dll
[0327/174922.132:ERROR:process_memory_win.cc(73)] ReadMemory at 0x7ff862870000 of 64 bytes failed: 仅完成部分的 ReadProcessMemory 或 WriteProcessMemory 请求。 (0x12B)
[0327/174922.132:WARNING:pe_image_reader.cc(340)] could not read dos header from C:\Windows\System32\RPCRT4.dll
[0327/174922.132:ERROR:process_memory_win.cc(73)] ReadMemory at 0x7ff8046a0000 of 64 bytes failed: 仅完成部分的 ReadProcessMemory 或 WriteProcessMemory 请求。 (0x12B)
[0327/174922.132:WARNING:pe_image_reader.cc(340)] could not read dos header from C:\Program Files (x86)\Google\Chrome\Application\80.0.3987.122\chrome.dll
[0327/174922.132:ERROR:process_memory_win.cc(73)] ReadMemory at 0x7ff8647b0000 of 64 bytes failed: 仅完成部分的 ReadProcessMemory 或 WriteProcessMemory 请求。 (0x12B)
[0327/174922.132:WARNING:pe_image_reader.cc(340)] could not read dos header from C:\Windows\System32\WS2_32.dll
[0327/174922.132:ERROR:process_memory_win.cc(73)] ReadMemory at 0x7ff863090000 of 64 bytes failed: 仅完成部分的 ReadProcessMemory 或 WriteProcessMemory 请求。 (0x12B)
[0327/174922.132:WARNING:pe_image_reader.cc(340)] could not read dos header from C:\Windows\System32\OLEAUT32.dll
[0327/174922.132:ERROR:process_memory_win.cc(73)] ReadMemory at 0x7ff861a40000 of 64 bytes failed: 仅完成部分的 ReadProcessMemory 或 WriteProcessMemory 请求。 (0x12B)
[0327/174922.132:WARNING:pe_image_reader.cc(340)] could not read dos header from C:\Windows\System32\msvcp_win.dll
[0327/174922.132:ERROR:process_memory_win.cc(73)] ReadMemory at 0x7ff861bb0000 of 64 bytes failed: 仅完成部分的 ReadProcessMemory 或 WriteProcessMemory 请求。 (0x12B)
[0327/174922.132:WARNING:pe_image_reader.cc(340)] could not read dos header from C:\Windows\System32\ucrtbase.dll
[0327/174922.132:ERROR:process_memory_win.cc(73)] ReadMemory at 0x7ff862c10000 of 64 bytes failed: 仅完成部分的 ReadProcessMemory 或 WriteProcessMemory 请求。 (0x12B)
[0327/174922.132:WARNING:pe_image_reader.cc(340)] could not read dos header from C:\Windows\System32\combase.dll
[0327/174922.132:ERROR:process_memory_win.cc(73)] ReadMemory at 0x7ff861ae0000 of 64 bytes failed: 仅完成部分的 ReadProcessMemory 或 WriteProcessMemory 请求。 (0x12B)
[0327/174922.132:WARNING:pe_image_reader.cc(340)] could not read dos header from C:\Windows\System32\WINTRUST.dll
[0327/174922.132:ERROR:process_memory_win.cc(73)] ReadMemory at 0x7ff860b30000 of 64 bytes failed: 仅完成部分的 ReadProcessMemory 或 WriteProcessMemory 请求。 (0x12B)
[0327/174922.132:WARNING:pe_image_reader.cc(340)] could not read dos header from C:\Windows\System32\MSASN1.dll
[0327/174922.132:ERROR:process_memory_win.cc(73)] ReadMemory at 0x7ff861420000 of 64 bytes failed: 仅完成部分的 ReadProcessMemory 或 WriteProcessMemory 请求。 (0x12B)
[0327/174922.133:WARNING:pe_image_reader.cc(340)] could not read dos header from C:\Windows\System32\CRYPT32.dll
[0327/174922.133:ERROR:process_memory_win.cc(73)] ReadMemory at 0x7ff860010000 of 64 bytes failed: 仅完成部分的 ReadProcessMemory 或 WriteProcessMemory 请求。 (0x12B)
[0327/174922.133:WARNING:pe_image_reader.cc(340)] could not read dos header from C:\Windows\SYSTEM32\IPHLPAPI.DLL
[0327/174922.133:ERROR:process_memory_win.cc(73)] ReadMemory at 0x7ff85e770000 of 64 bytes failed: 仅完成部分的 ReadProcessMemory 或 WriteProcessMemory 请求。 (0x12B)
[0327/174922.133:WARNING:pe_image_reader.cc(340)] could not read dos header from C:\Windows\SYSTEM32\WINMM.dll
[0327/174922.133:ERROR:process_memory_win.cc(73)] ReadMemory at 0x7ff83f490000 of 64 bytes failed: 仅完成部分的 ReadProcessMemory 或 WriteProcessMemory 请求。 (0x12B)
[0327/174922.133:WARNING:pe_image_reader.cc(340)] could not read dos header from C:\Windows\SYSTEM32\Secur32.dll
[0327/174922.133:ERROR:process_memory_win.cc(73)] ReadMemory at 0x7ff860980000 of 64 bytes failed: 仅完成部分的 ReadProcessMemory 或 WriteProcessMemory 请求。 (0x12B)
[0327/174922.133:WARNING:pe_image_reader.cc(340)] could not read dos header from C:\Windows\SYSTEM32\USERENV.dll
[0327/174922.133:ERROR:process_memory_win.cc(73)] ReadMemory at 0x7ff860a80000 of 64 bytes failed: 仅完成部分的 ReadProcessMemory 或 WriteProcessMemory 请求。 (0x12B)
[0327/174922.133:WARNING:pe_image_reader.cc(340)] could not read dos header from C:\Windows\System32\profapi.dll
[0327/174922.133:ERROR:process_memory_win.cc(73)] ReadMemory at 0x7ff8396e0000 of 64 bytes failed: 仅完成部分的 ReadProcessMemory 或 WriteProcessMemory 请求。 (0x12B)
[0327/174922.133:WARNING:pe_image_reader.cc(340)] could not read dos header from C:\Windows\SYSTEM32\UIAutomationCore.DLL
[0327/174922.133:ERROR:process_memory_win.cc(73)] ReadMemory at 0x7ff84e290000 of 64 bytes failed: 仅完成部分的 ReadProcessMemory 或 WriteProcessMemory 请求。 (0x12B)
[0327/174922.133:WARNING:pe_image_reader.cc(340)] could not read dos header from C:\Windows\SYSTEM32\DWrite.dll
[0327/174922.133:ERROR:process_memory_win.cc(73)] ReadMemory at 0x7ff83ad60000 of 64 bytes failed: 仅完成部分的 ReadProcessMemory 或 WriteProcessMemory 请求。 (0x12B)
[0327/174922.133:WARNING:pe_image_reader.cc(340)] could not read dos header from C:\Windows\SYSTEM32\WINSPOOL.DRV
[0327/174922.133:ERROR:process_memory_win.cc(73)] ReadMemory at 0x7ff860ab0000 of 64 bytes failed: 仅完成部分的 ReadProcessMemory 或 WriteProcessMemory 请求。 (0x12B)
[0327/174922.134:WARNING:pe_image_reader.cc(340)] could not read dos header from C:\Windows\System32\kernel.appcore.dll
[0327/174922.134:ERROR:process_memory_win.cc(73)] ReadMemory at 0x7ff861b80000 of 64 bytes failed: 仅完成部分的 ReadProcessMemory 或 WriteProcessMemory 请求。 (0x12B)
[0327/174922.134:WARNING:pe_image_reader.cc(340)] could not read dos header from C:\Windows\System32\bcrypt.dll
[0327/174922.135:ERROR:process_memory_win.cc(73)] ReadMemory at 0x7ff85f440000 of 64 bytes failed: 仅完成部分的 ReadProcessMemory 或 WriteProcessMemory 请求。 (0x12B)
[0327/174922.135:WARNING:pe_image_reader.cc(340)] could not read dos header from C:\Windows\SYSTEM32\dbghelp.dll
[0327/174922.135:ERROR:process_memory_win.cc(73)] ReadMemory at 0x7ff85c980000 of 64 bytes failed: 仅完成部分的 ReadProcessMemory 或 WriteProcessMemory 请求。 (0x12B)
[0327/174922.135:WARNING:pe_image_reader.cc(340)] could not read dos header from C:\Windows\SYSTEM32\WINHTTP.dll
[0327/174922.135:ERROR:process_memory_win.cc(73)] ReadMemory at 0x7ff852cb0000 of 64 bytes failed: 仅完成部分的 ReadProcessMemory 或 WriteProcessMemory 请求。 (0x12B)
[0327/174922.135:WARNING:pe_image_reader.cc(340)] could not read dos header from C:\Windows\SYSTEM32\dhcpcsvc.DLL
[0327/174922.135:ERROR:process_memory_win.cc(73)] ReadMemory at 0x7ff862f40000 of 64 bytes failed: 仅完成部分的 ReadProcessMemory 或 WriteProcessMemory 请求。 (0x12B)
[0327/174922.135:WARNING:pe_image_reader.cc(340)] could not read dos header from C:\Windows\System32\NSI.dll
[0327/174922.135:ERROR:process_memory_win.cc(73)] ReadMemory at 0x7ff85e740000 of 64 bytes failed: 仅完成部分的 ReadProcessMemory 或 WriteProcessMemory 请求。 (0x12B)
[0327/174922.135:WARNING:pe_image_reader.cc(340)] could not read dos header from C:\Windows\SYSTEM32\WINMMBASE.dll
[0327/174922.135:ERROR:process_memory_win.cc(73)] ReadMemory at 0x7ff860b50000 of 64 bytes failed: 仅完成部分的 ReadProcessMemory 或 WriteProcessMemory 请求。 (0x12B)
[0327/174922.135:WARNING:pe_image_reader.cc(340)] could not read dos header from C:\Windows\System32\cfgmgr32.dll
[0327/174922.135:ERROR:process_memory_win.cc(73)] ReadMemory at 0x7ff8516f0000 of 64 bytes failed: 仅完成部分的 ReadProcessMemory 或 WriteProcessMemory 请求。 (0x12B)
[0327/174922.135:WARNING:pe_image_reader.cc(340)] could not read dos header from C:\Windows\SYSTEM32\Bcp47Langs.dll
[0327/174922.135:ERROR:process_memory_win.cc(73)] ReadMemory at 0x7ff85e260000 of 64 bytes failed: 仅完成部分的 ReadProcessMemory 或 WriteProcessMemory 请求。 (0x12B)
[0327/174922.135:WARNING:pe_image_reader.cc(340)] could not read dos header from C:\Windows\SYSTEM32\PROPSYS.dll
[0327/174922.135:ERROR:process_memory_win.cc(73)] ReadMemory at 0x7ff864700000 of 64 bytes failed: 仅完成部分的 ReadProcessMemory 或 WriteProcessMemory 请求。 (0x12B)
[0327/174922.135:WARNING:pe_image_reader.cc(340)] could not read dos header from C:\Windows\System32\shcore.dll
[0327/174922.135:ERROR:process_memory_win.cc(73)] ReadMemory at 0x7ff8609b0000 of 64 bytes failed: 仅完成部分的 ReadProcessMemory 或 WriteProcessMemory 请求。 (0x12B)
[0327/174922.135:WARNING:pe_image_reader.cc(340)] could not read dos header from C:\Windows\SYSTEM32\SSPICLI.DLL
[0327/174922.136:ERROR:process_memory_win.cc(73)] ReadMemory at 0x7ff8604c0000 of 64 bytes failed: 仅完成部分的 ReadProcessMemory 或 WriteProcessMemory 请求。 (0x12B)
[0327/174922.136:WARNING:pe_image_reader.cc(340)] could not read dos header from C:\Windows\SYSTEM32\CRYPTBASE.DLL
[0327/174922.217:ERROR:process_memory_win.cc(73)] ReadMemory at 0xfb93f7000 of 36864 bytes failed: 仅完成部分的 ReadProcessMemory 或 WriteProcessMemory 请求。 (0x12B)
[0327/174922.218:ERROR:process_memory_win.cc(73)] ReadMemory at 0xfb9bfd000 of 12288 bytes failed: 仅完成部分的 ReadProcessMemory 或 WriteProcessMemory 请求。 (0x12B)
[0327/174922.218:ERROR:process_memory_win.cc(73)] ReadMemory at 0xfba3fc000 of 16384 bytes failed: 仅完成部分的 ReadProcessMemory 或 WriteProcessMemory 请求。 (0x12B)
[0327/174922.218:ERROR:process_memory_win.cc(73)] ReadMemory at 0xfbabfc000 of 16384 bytes failed: 仅完成部分的 ReadProcessMemory 或 WriteProcessMemory 请求。 (0x12B)
[0327/174922.218:ERROR:process_memory_win.cc(73)] ReadMemory at 0xfbb3fb000 of 20480 bytes failed: 仅完成部分的 ReadProcessMemory 或 WriteProcessMemory 请求。 (0x12B)
[0327/174922.218:ERROR:process_memory_win.cc(73)] ReadMemory at 0xfbbbfe000 of 8192 bytes failed: 仅完成部分的 ReadProcessMemory 或 WriteProcessMemory 请求。 (0x12B)
[0327/174922.218:ERROR:process_memory_win.cc(73)] ReadMemory at 0xfbc3fd000 of 12288 bytes failed: 仅完成部分的 ReadProcessMemory 或 WriteProcessMemory 请求。 (0x12B)
[0327/174922.218:ERROR:process_memory_win.cc(73)] ReadMemory at 0xfbcbfb000 of 20480 bytes failed: 仅完成部分的 ReadProcessMemory 或 WriteProcessMemory 请求。 (0x12B)
[0327/174922.222:ERROR:process_memory_win.cc(73)] ReadMemory at 0xfbd3fd000 of 12288 bytes failed: 仅完成部分的 ReadProcessMemory 或 WriteProcessMemory 请求。 (0x12B)
[0327/174922.222:ERROR:process_memory_win.cc(73)] ReadMemory at 0xfbdbfd000 of 12288 bytes failed: 仅完成部分的 ReadProcessMemory 或 WriteProcessMemory 请求。 (0x12B)
[0327/174922.222:ERROR:process_memory_win.cc(73)] ReadMemory at 0xfbe3fd000 of 12288 bytes failed: 仅完成部分的 ReadProcessMemory 或 WriteProcessMemory 请求。 (0x12B)
[0327/174922.222:ERROR:process_memory_win.cc(73)] ReadMemory at 0xfbebfd000 of 12288 bytes failed: 仅完成部分的 ReadProcessMemory 或 WriteProcessMemory 请求。 (0x12B)
[0327/174922.222:ERROR:process_memory_win.cc(73)] ReadMemory at 0xfbf3fd000 of 12288 bytes failed: 仅完成部分的 ReadProcessMemory 或 WriteProcessMemory 请求。 (0x12B)
[0327/174922.222:ERROR:process_memory_win.cc(73)] ReadMemory at 0xfbfbfd000 of 12288 bytes failed: 仅完成部分的 ReadProcessMemory 或 WriteProcessMemory 请求。 (0x12B)
[0327/174922.222:ERROR:process_memory_win.cc(73)] ReadMemory at 0xfc03fd000 of 12288 bytes failed: 仅完成部分的 ReadProcessMemory 或 WriteProcessMemory 请求。 (0x12B)
[0327/174922.226:ERROR:process_memory_win.cc(73)] ReadMemory at 0xfc0bfd000 of 12288 bytes failed: 仅完成部分的 ReadProcessMemory 或 WriteProcessMemory 请求。 (0x12B)
[0327/174922.226:ERROR:process_memory_win.cc(73)] ReadMemory at 0xfc13fd000 of 12288 bytes failed: 仅完成部分的 ReadProcessMemory 或 WriteProcessMemory 请求。 (0x12B)
[0327/174922.226:ERROR:process_memory_win.cc(73)] ReadMemory at 0xfb8bbc000 of 852 bytes failed: 仅完成部分的 ReadProcessMemory 或 WriteProcessMemory 请求。 (0x12B)
[0327/174922.226:ERROR:process_memory_win.cc(73)] ReadMemory at 0xfb8bbd000 of 6024 bytes failed: 仅完成部分的 ReadProcessMemory 或 WriteProcessMemory 请求。 (0x12B)
[0327/174922.227:ERROR:process_memory_win.cc(73)] ReadMemory at 0xfb8bbf000 of 6024 bytes failed: 仅完成部分的 ReadProcessMemory 或 WriteProcessMemory 请求。 (0x12B)
[0327/174922.227:ERROR:process_memory_win.cc(73)] ReadMemory at 0xfb8bc1000 of 6024 bytes failed: 仅完成部分的 ReadProcessMemory 或 WriteProcessMemory 请求。 (0x12B)
[0327/174922.227:ERROR:process_memory_win.cc(73)] ReadMemory at 0xfb8bc3000 of 6024 bytes failed: 仅完成部分的 ReadProcessMemory 或 WriteProcessMemory 请求。 (0x12B)
[0327/174922.227:ERROR:process_memory_win.cc(73)] ReadMemory at 0xfb8bc5000 of 6024 bytes failed: 仅完成部分的 ReadProcessMemory 或 WriteProcessMemory 请求。 (0x12B)
[0327/174922.227:ERROR:process_memory_win.cc(73)] ReadMemory at 0xfb8bc7000 of 6024 bytes failed: 仅完成部分的 ReadProcessMemory 或 WriteProcessMemory 请求。 (0x12B)
[0327/174922.228:ERROR:process_memory_win.cc(73)] ReadMemory at 0xfb8bc9000 of 6024 bytes failed: 仅完成部分的 ReadProcessMemory 或 WriteProcessMemory 请求。 (0x12B)
[0327/174922.228:ERROR:process_memory_win.cc(73)] ReadMemory at 0xfb8bcb000 of 6024 bytes failed: 仅完成部分的 ReadProcessMemory 或 WriteProcessMemory 请求。 (0x12B)
[0327/174922.228:ERROR:process_memory_win.cc(73)] ReadMemory at 0xfb8bcd000 of 6024 bytes failed: 仅完成部分的 ReadProcessMemory 或 WriteProcessMemory 请求。 (0x12B)
[0327/174922.228:ERROR:process_memory_win.cc(73)] ReadMemory at 0xfb8bcf000 of 6024 bytes failed: 仅完成部分的 ReadProcessMemory 或 WriteProcessMemory 请求。 (0x12B)
[0327/174922.228:ERROR:process_memory_win.cc(73)] ReadMemory at 0xfb8bd1000 of 6024 bytes failed: 仅完成部分的 ReadProcessMemory 或 WriteProcessMemory 请求。 (0x12B)
[0327/174922.228:ERROR:process_memory_win.cc(73)] ReadMemory at 0xfb8bd3000 of 6024 bytes failed: 仅完成部分的 ReadProcessMemory 或 WriteProcessMemory 请求。 (0x12B)
[0327/174922.229:ERROR:process_memory_win.cc(73)] ReadMemory at 0xfb8bd5000 of 6024 bytes failed: 仅完成部分的 ReadProcessMemory 或 WriteProcessMemory 请求。 (0x12B)
[0327/174922.229:ERROR:process_memory_win.cc(73)] ReadMemory at 0xfb8bd7000 of 6024 bytes failed: 仅完成部分的 ReadProcessMemory 或 WriteProcessMemory 请求。 (0x12B)
[0327/174922.229:ERROR:process_memory_win.cc(73)] ReadMemory at 0xfb8bd9000 of 6024 bytes failed: 仅完成部分的 ReadProcessMemory 或 WriteProcessMemory 请求。 (0x12B)
[0327/174922.229:ERROR:process_memory_win.cc(73)] ReadMemory at 0xfb8bdb000 of 6024 bytes failed: 仅完成部分的 ReadProcessMemory 或 WriteProcessMemory 请求。 (0x12B)
[0327/174922.229:ERROR:process_memory_win.cc(73)] ReadMemory at 0xfb8bdd000 of 6024 bytes failed: 仅完成部分的 ReadProcessMemory 或 WriteProcessMemory 请求。 (0x12B)
[0327/174922.231:ERROR:process_memory_win.cc(73)] ReadMemory at 0x119b4a00fe0 of 15132 bytes failed: 仅完成部分的 ReadProcessMemory 或 WriteProcessMemory 请求。 (0x12B)
[0327/174922.231:ERROR:process_memory_win.cc(73)] ReadMemory at 0x119b4a04b10 of 1012 bytes failed: 仅完成部分的 ReadProcessMemory 或 WriteProcessMemory 请求。 (0x12B)
[0327/174922.231:ERROR:process_memory_win.cc(73)] ReadMemory at 0x119b4a05138 of 118 bytes failed: 仅完成部分的 ReadProcessMemory 或 WriteProcessMemory 请求。 (0x12B)
[0327/174922.232:ERROR:process_memory_win.cc(73)] ReadMemory at 0x119b4a051b0 of 758 bytes failed: 仅完成部分的 ReadProcessMemory 或 WriteProcessMemory 请求。 (0x12B)
[0327/174922.232:ERROR:process_memory_win.cc(73)] ReadMemory at 0x119b4a054a8 of 118 bytes failed: 仅完成部分的 ReadProcessMemory 或 WriteProcessMemory 请求。 (0x12B)
[0327/174922.233:ERROR:process_memory_win.cc(73)] ReadMemory at 0x119b4a05520 of 100 bytes failed: 仅完成部分的 ReadProcessMemory 或 WriteProcessMemory 请求。 (0x12B)
[0327/174922.234:ERROR:process_memory_win.cc(73)] ReadMemory at 0x119b4a05590 of 58 bytes failed: 仅完成部分的 ReadProcessMemory 或 WriteProcessMemory 请求。 (0x12B)
[0327/174922.234:ERROR:process_memory_win.cc(73)] ReadMemory at 0x119b4a05690 of 132 bytes failed: 仅完成部分的 ReadProcessMemory 或 WriteProcessMemory 请求。 (0x12B)
[0327/174922.235:ERROR:process_memory_win.cc(73)] ReadMemory at 0x119b4a05820 of 132 bytes failed: 仅完成部分的 ReadProcessMemory 或 WriteProcessMemory 请求。 (0x12B)
[0327/174922.235:ERROR:process_memory_win.cc(73)] ReadMemory at 0x119b4a059e0 of 126 bytes failed: 仅完成部分的 ReadProcessMemory 或 WriteProcessMemory 请求。 (0x12B)
[0327/174922.239:ERROR:process_memory_win.cc(73)] ReadMemory at 0x119b4a05dc0 of 132 bytes failed: 仅完成部分的 ReadProcessMemory 或 WriteProcessMemory 请求。 (0x12B)
[0327/174922.239:ERROR:process_memory_win.cc(73)] ReadMemory at 0x119b4a05f50 of 64 bytes failed: 仅完成部分的 ReadProcessMemory 或 WriteProcessMemory 请求。 (0x12B)
[0327/174922.239:ERROR:process_memory_win.cc(73)] ReadMemory at 0x119b4a05fa0 of 132 bytes failed: 仅完成部分的 ReadProcessMemory 或 WriteProcessMemory 请求。 (0x12B)
[0327/174922.239:ERROR:process_memory_win.cc(73)] ReadMemory at 0x119b4a06110 of 132 bytes failed: 仅完成部分的 ReadProcessMemory 或 WriteProcessMemory 请求。 (0x12B)
[0327/174922.239:ERROR:process_memory_win.cc(73)] ReadMemory at 0x119b4a063b0 of 132 bytes failed: 仅完成部分的 ReadProcessMemory 或 WriteProcessMemory 请求。 (0x12B)
[0327/174922.239:ERROR:process_memory_win.cc(73)] ReadMemory at 0x119b4a06540 of 68 bytes failed: 仅完成部分的 ReadProcessMemory 或 WriteProcessMemory 请求。 (0x12B)
[0327/174922.243:ERROR:process_memory_win.cc(73)] ReadMemory at 0x119b4a074b0 of 132 bytes failed: 仅完成部分的 ReadProcessMemory 或 WriteProcessMemory 请求。 (0x12B)
[0327/174922.243:ERROR:process_memory_win.cc(73)] ReadMemory at 0x119b4a07640 of 154 bytes failed: 仅完成部分的 ReadProcessMemory 或 WriteProcessMemory 请求。 (0x12B)
[0327/174922.243:ERROR:process_memory_win.cc(73)] ReadMemory at 0x119b4a083f0 of 60 bytes failed: 仅完成部分的 ReadProcessMemory 或 WriteProcessMemory 请求。 (0x12B)
[0327/174922.243:ERROR:process_memory_win.cc(73)] ReadMemory at 0x119b4a085c0 of 132 bytes failed: 仅完成部分的 ReadProcessMemory 或 WriteProcessMemory 请求。 (0x12B)
[0327/174922.243:ERROR:process_memory_win.cc(73)] ReadMemory at 0x119b4a08d20 of 62 bytes failed: 仅完成部分的 ReadProcessMemory 或 WriteProcessMemory 请求。 (0x12B)
[0327/174922.244:ERROR:process_memory_win.cc(73)] ReadMemory at 0x119b4a08da0 of 146 bytes failed: 仅完成部分的 ReadProcessMemory 或 WriteProcessMemory 请求。 (0x12B)
[0327/174922.244:ERROR:process_memory_win.cc(73)] ReadMemory at 0x119b4a08e80 of 132 bytes failed: 仅完成部分的 ReadProcessMemory 或 WriteProcessMemory 请求。 (0x12B)
[0327/174922.244:ERROR:process_memory_win.cc(73)] ReadMemory at 0x119b4a09c6c of 512 bytes failed: 仅完成部分的 ReadProcessMemory 或 WriteProcessMemory 请求。 (0x12B)
[0327/174922.244:ERROR:process_memory_win.cc(73)] ReadMemory at 0x119b4a0a160 of 132 bytes failed: 仅完成部分的 ReadProcessMemory 或 WriteProcessMemory 请求。 (0x12B)
[0327/174922.244:ERROR:process_memory_win.cc(73)] ReadMemory at 0x119b4a0cd40 of 132 bytes failed: 仅完成部分的 ReadProcessMemory 或 WriteProcessMemory 请求。 (0x12B)
[0327/174922.244:ERROR:process_memory_win.cc(73)] ReadMemory at 0x119b4a0ce70 of 132 bytes failed: 仅完成部分的 ReadProcessMemory 或 WriteProcessMemory 请求。 (0x12B)
[0327/174922.244:ERROR:process_memory_win.cc(73)] ReadMemory at 0x119b4a0d000 of 80 bytes failed: 仅完成部分的 ReadProcessMemory 或 WriteProcessMemory 请求。 (0x12B)
[0327/174922.244:ERROR:process_memory_win.cc(73)] ReadMemory at 0x119b4a0d2e0 of 60 bytes failed: 仅完成部分的 ReadProcessMemory 或 WriteProcessMemory 请求。 (0x12B)
[0327/174922.244:ERROR:process_memory_win.cc(73)] ReadMemory at 0x119b4a0d330 of 64 bytes failed: 仅完成部分的 ReadProcessMemory 或 WriteProcessMemory 请求。 (0x12B)
[0327/174922.244:ERROR:process_memory_win.cc(73)] ReadMemory at 0x119b4a0d420 of 66 bytes failed: 仅完成部分的 ReadProcessMemory 或 WriteProcessMemory 请求。 (0x12B)
[0327/174922.244:ERROR:process_memory_win.cc(73)] ReadMemory at 0x119b4a0d470 of 64 bytes failed: 仅完成部分的 ReadProcessMemory 或 WriteProcessMemory 请求。 (0x12B)
[0327/174922.244:ERROR:process_memory_win.cc(73)] ReadMemory at 0x119b4a0d4c0 of 64 bytes failed: 仅完成部分的 ReadProcessMemory 或 WriteProcessMemory 请求。 (0x12B)
[0327/174922.244:ERROR:process_memory_win.cc(73)] ReadMemory at 0x119b4a0d560 of 62 bytes failed: 仅完成部分的 ReadProcessMemory 或 WriteProcessMemory 请求。 (0x12B)
[0327/174922.246:ERROR:process_memory_win.cc(73)] ReadMemory at 0x119b4a0d600 of 62 bytes failed: 仅完成部分的 ReadProcessMemory 或 WriteProcessMemory 请求。 (0x12B)
[0327/174922.246:ERROR:process_memory_win.cc(73)] ReadMemory at 0x119b4a0d650 of 64 bytes failed: 仅完成部分的 ReadProcessMemory 或 WriteProcessMemory 请求。 (0x12B)
[0327/174922.246:ERROR:process_memory_win.cc(73)] ReadMemory at 0x119b4a0d6a0 of 60 bytes failed: 仅完成部分的 ReadProcessMemory 或 WriteProcessMemory 请求。 (0x12B)
[0327/174922.246:ERROR:process_memory_win.cc(73)] ReadMemory at 0x119b4a0e890 of 80 bytes failed: 仅完成部分的 ReadProcessMemory 或 WriteProcessMemory 请求。 (0x12B)
[0327/174922.246:ERROR:process_memory_win.cc(73)] ReadMemory at 0x119b4a0e9b0 of 76 bytes failed: 仅完成部分的 ReadProcessMemory 或 WriteProcessMemory 请求。 (0x12B)
[0327/174922.246:ERROR:process_memory_win.cc(73)] ReadMemory at 0x119b4a11fc0 of 54 bytes failed: 仅完成部分的 ReadProcessMemory 或 WriteProcessMemory 请求。 (0x12B)
[0327/174922.246:ERROR:process_memory_win.cc(73)] ReadMemory at 0x119b4a12ec0 of 132 bytes failed: 仅完成部分的 ReadProcessMemory 或 WriteProcessMemory 请求。 (0x12B)
[0327/174922.247:ERROR:process_memory_win.cc(73)] ReadMemory at 0x119b4a12ff0 of 132 bytes failed: 仅完成部分的 ReadProcessMemory 或 WriteProcessMemory 请求。 (0x12B)
[0327/174922.247:ERROR:process_memory_win.cc(73)] ReadMemory at 0x119b4a155b0 of 132 bytes failed: 仅完成部分的 ReadProcessMemory 或 WriteProcessMemory 请求。 (0x12B)
[0327/174922.247:ERROR:process_memory_win.cc(73)] ReadMemory at 0x119b4a156e0 of 132 bytes failed: 仅完成部分的 ReadProcessMemory 或 WriteProcessMemory 请求。 (0x12B)
[0327/174922.247:ERROR:process_memory_win.cc(73)] ReadMemory at 0x119b4a15810 of 132 bytes failed: 仅完成部分的 ReadProcessMemory 或 WriteProcessMemory 请求。 (0x12B)
[0327/174922.247:ERROR:process_memory_win.cc(73)] ReadMemory at 0x119b4a15940 of 132 bytes failed: 仅完成部分的 ReadProcessMemory 或 WriteProcessMemory 请求。 (0x12B)
[0327/174922.248:ERROR:process_memory_win.cc(73)] ReadMemory at 0x119b4a15a70 of 132 bytes failed: 仅完成部分的 ReadProcessMemory 或 WriteProcessMemory 请求。 (0x12B)
[0327/174922.248:ERROR:process_memory_win.cc(73)] ReadMemory at 0x119b4a15ba0 of 132 bytes failed: 仅完成部分的 ReadProcessMemory 或 WriteProcessMemory 请求。 (0x12B)
[0327/174922.248:ERROR:process_memory_win.cc(73)] ReadMemory at 0x119b4a15cd0 of 132 bytes failed: 仅完成部分的 ReadProcessMemory 或 WriteProcessMemory 请求。 (0x12B)
[0327/174922.248:ERROR:process_memory_win.cc(73)] ReadMemory at 0x119b4a15e00 of 132 bytes failed: 仅完成部分的 ReadProcessMemory 或 WriteProcessMemory 请求。 (0x12B)
[0327/174922.248:ERROR:process_memory_win.cc(73)] ReadMemory at 0x119b4a15f30 of 132 bytes failed: 仅完成部分的 ReadProcessMemory 或 WriteProcessMemory 请求。 (0x12B)
[0327/174922.248:ERROR:process_memory_win.cc(73)] ReadMemory at 0x119b4a16060 of 132 bytes failed: 仅完成部分的 ReadProcessMemory 或 WriteProcessMemory 请求。 (0x12B)
[0327/174922.251:ERROR:process_memory_win.cc(73)] ReadMemory at 0x119b4a16190 of 132 bytes failed: 仅完成部分的 ReadProcessMemory 或 WriteProcessMemory 请求。 (0x12B)
[0327/174922.252:ERROR:process_memory_win.cc(73)] ReadMemory at 0x119b4a162c0 of 132 bytes failed: 仅完成部分的 ReadProcessMemory 或 WriteProcessMemory 请求。 (0x12B)
[0327/174922.252:ERROR:process_memory_win.cc(73)] ReadMemory at 0x119b4a16fc0 of 132 bytes failed: 仅完成部分的 ReadProcessMemory 或 WriteProcessMemory 请求。 (0x12B)
[0327/174922.252:ERROR:process_memory_win.cc(73)] ReadMemory at 0x119b4a171e0 of 132 bytes failed: 仅完成部分的 ReadProcessMemory 或 WriteProcessMemory 请求。 (0x12B)
[0327/174922.252:ERROR:process_memory_win.cc(73)] ReadMemory at 0x119b4a17540 of 132 bytes failed: 仅完成部分的 ReadProcessMemory 或 WriteProcessMemory 请求。 (0x12B)
[0327/174922.252:ERROR:process_memory_win.cc(73)] ReadMemory at 0x119b4a190e0 of 62 bytes failed: 仅完成部分的 ReadProcessMemory 或 WriteProcessMemory 请求。 (0x12B)
[0327/174922.252:ERROR:process_memory_win.cc(73)] ReadMemory at 0x119b4a192c0 of 62 bytes failed: 仅完成部分的 ReadProcessMemory 或 WriteProcessMemory 请求。 (0x12B)
[0327/174922.252:ERROR:process_memory_win.cc(73)] ReadMemory at 0x119b4a19450 of 62 bytes failed: 仅完成部分的 ReadProcessMemory 或 WriteProcessMemory 请求。 (0x12B)
[0327/174922.252:ERROR:process_memory_win.cc(73)] ReadMemory at 0x119b4a194f0 of 66 bytes failed: 仅完成部分的 ReadProcessMemory 或 WriteProcessMemory 请求。 (0x12B)
[0327/174922.252:ERROR:process_memory_win.cc(73)] ReadMemory at 0x119b4a19590 of 62 bytes failed: 仅完成部分的 ReadProcessMemory 或 WriteProcessMemory 请求。 (0x12B)
[0327/174922.252:ERROR:process_memory_win.cc(73)] ReadMemory at 0x119b4a19680 of 64 bytes failed: 仅完成部分的 ReadProcessMemory 或 WriteProcessMemory 请求。 (0x12B)
[0327/174922.256:ERROR:process_memory_win.cc(73)] ReadMemory at 0x119b4a19770 of 62 bytes failed: 仅完成部分的 ReadProcessMemory 或 WriteProcessMemory 请求。 (0x12B)
[0327/174922.256:ERROR:process_memory_win.cc(73)] ReadMemory at 0x119b4a197c0 of 60 bytes failed: 仅完成部分的 ReadProcessMemory 或 WriteProcessMemory 请求。 (0x12B)
[0327/174922.256:ERROR:process_memory_win.cc(73)] ReadMemory at 0x119b4a19860 of 60 bytes failed: 仅完成部分的 ReadProcessMemory 或 WriteProcessMemory 请求。 (0x12B)
[0327/174922.256:ERROR:process_memory_win.cc(73)] ReadMemory at 0x119b4a19950 of 64 bytes failed: 仅完成部分的 ReadProcessMemory 或 WriteProcessMemory 请求。 (0x12B)
[0327/174922.256:ERROR:process_memory_win.cc(73)] ReadMemory at 0x119b4a199a0 of 68 bytes failed: 仅完成部分的 ReadProcessMemory 或 WriteProcessMemory 请求。 (0x12B)
[0327/174922.256:ERROR:process_memory_win.cc(73)] ReadMemory at 0x119b4a19bd0 of 62 bytes failed: 仅完成部分的 ReadProcessMemory 或 WriteProcessMemory 请求。 (0x12B)
[0327/174922.256:ERROR:process_memory_win.cc(73)] ReadMemory at 0x119b4a19cc0 of 60 bytes failed: 仅完成部分的 ReadProcessMemory 或 WriteProcessMemory 请求。 (0x12B)
[0327/174922.256:ERROR:process_memory_win.cc(73)] ReadMemory at 0x119b4a19e50 of 64 bytes failed: 仅完成部分的 ReadProcessMemory 或 WriteProcessMemory 请求。 (0x12B)
[0327/174922.258:ERROR:process_memory_win.cc(73)] ReadMemory at 0x119b4a19ea0 of 62 bytes failed: 仅完成部分的 ReadProcessMemory 或 WriteProcessMemory 请求。 (0x12B)
[0327/174922.258:ERROR:process_memory_win.cc(73)] ReadMemory at 0x119b4a19ef0 of 58 bytes failed: 仅完成部分的 ReadProcessMemory 或 WriteProcessMemory 请求。 (0x12B)
[0327/174922.258:ERROR:process_memory_win.cc(73)] ReadMemory at 0x119b4a19f90 of 60 bytes failed: 仅完成部分的 ReadProcessMemory 或 WriteProcessMemory 请求。 (0x12B)
[0327/174922.258:ERROR:process_memory_win.cc(73)] ReadMemory at 0x119b4a19fe0 of 64 bytes failed: 仅完成部分的 ReadProcessMemory 或 WriteProcessMemory 请求。 (0x12B)
[0327/174922.259:ERROR:process_memory_win.cc(73)] ReadMemory at 0x119b4a1a030 of 62 bytes failed: 仅完成部分的 ReadProcessMemory 或 WriteProcessMemory 请求。 (0x12B)
[0327/174922.259:ERROR:process_memory_win.cc(73)] ReadMemory at 0x119b4a1a0f0 of 132 bytes failed: 仅完成部分的 ReadProcessMemory 或 WriteProcessMemory 请求。 (0x12B)
[0327/174922.259:ERROR:process_memory_win.cc(73)] ReadMemory at 0x119b4a1a220 of 132 bytes failed: 仅完成部分的 ReadProcessMemory 或 WriteProcessMemory 请求。 (0x12B)
[0327/174922.259:ERROR:process_memory_win.cc(73)] ReadMemory at 0x119b4a1a350 of 132 bytes failed: 仅完成部分的 ReadProcessMemory 或 WriteProcessMemory 请求。 (0x12B)
[0327/174922.260:ERROR:process_memory_win.cc(73)] ReadMemory at 0x119b4a1acd0 of 132 bytes failed: 仅完成部分的 ReadProcessMemory 或 WriteProcessMemory 请求。 (0x12B)
[0327/174922.260:ERROR:process_memory_win.cc(73)] ReadMemory at 0x119b4a1b3f0 of 132 bytes failed: 仅完成部分的 ReadProcessMemory 或 WriteProcessMemory 请求。 (0x12B)
[0327/174922.260:ERROR:process_memory_win.cc(73)] ReadMemory at 0x119b4a1b520 of 132 bytes failed: 仅完成部分的 ReadProcessMemory 或 WriteProcessMemory 请求。 (0x12B)
[0327/174922.260:ERROR:process_memory_win.cc(73)] ReadMemory at 0x119b4a1b780 of 132 bytes failed: 仅完成部分的 ReadProcessMemory 或 WriteProcessMemory 请求。 (0x12B)
[0327/174922.264:ERROR:process_memory_win.cc(73)] ReadMemory at 0x119b4a1b8b0 of 132 bytes failed: 仅完成部分的 ReadProcessMemory 或 WriteProcessMemory 请求。 (0x12B)
[0327/174922.267:ERROR:process_memory_win.cc(73)] ReadMemory at 0x119b4a1bc40 of 132 bytes failed: 仅完成部分的 ReadProcessMemory 或 WriteProcessMemory 请求。 (0x12B)
[0327/174922.267:ERROR:process_memory_win.cc(73)] ReadMemory at 0x119b4a1bd70 of 132 bytes failed: 仅完成部分的 ReadProcessMemory 或 WriteProcessMemory 请求。 (0x12B)
[0327/174922.268:ERROR:process_memory_win.cc(73)] ReadMemory at 0x119b4a1bea0 of 132 bytes failed: 仅完成部分的 ReadProcessMemory 或 WriteProcessMemory 请求。 (0x12B)
[0327/174922.268:ERROR:process_memory_win.cc(73)] ReadMemory at 0x119b4a35290 of 512 bytes failed: 仅完成部分的 ReadProcessMemory 或 WriteProcessMemory 请求。 (0x12B)
[0327/174922.269:ERROR:process_memory_win.cc(73)] ReadMemory at 0x119b4a361f0 of 512 bytes failed: 仅完成部分的 ReadProcessMemory 或 WriteProcessMemory 请求。 (0x12B)
[0327/174922.269:ERROR:process_memory_win.cc(73)] ReadMemory at 0x119b4e01480 of 904 bytes failed: 仅完成部分的 ReadProcessMemory 或 WriteProcessMemory 请求。 (0x12B)
[0327/174922.269:ERROR:process_memory_win.cc(73)] ReadMemory at 0x119b4ef16d0 of 512 bytes failed: 仅完成部分的 ReadProcessMemory 或 WriteProcessMemory 请求。 (0x12B)
[0327/174922.270:ERROR:process_memory_win.cc(73)] ReadMemory at 0x119b4ef2860 of 512 bytes failed: 仅完成部分的 ReadProcessMemory 或 WriteProcessMemory 请求。 (0x12B)
[0327/174922.271:ERROR:process_memory_win.cc(73)] ReadMemory at 0x119b4ef3f80 of 512 bytes failed: 仅完成部分的 ReadProcessMemory 或 WriteProcessMemory 请求。 (0x12B)
[0327/174922.271:ERROR:process_memory_win.cc(73)] ReadMemory at 0x119b4ef4610 of 512 bytes failed: 仅完成部分的 ReadProcessMemory 或 WriteProcessMemory 请求。 (0x12B)
[0327/174922.271:ERROR:process_memory_win.cc(73)] ReadMemory at 0x119b4ef4c70 of 512 bytes failed: 仅完成部分的 ReadProcessMemory 或 WriteProcessMemory 请求。 (0x12B)
[0327/174922.271:ERROR:process_memory_win.cc(73)] ReadMemory at 0x119b4efbc68 of 512 bytes failed: 仅完成部分的 ReadProcessMemory 或 WriteProcessMemory 请求。 (0x12B)
[0327/174922.273:ERROR:process_memory_win.cc(73)] ReadMemory at 0x119b4efbf38 of 512 bytes failed: 仅完成部分的 ReadProcessMemory 或 WriteProcessMemory 请求。 (0x12B)
[0327/174922.275:ERROR:process_memory_win.cc(73)] ReadMemory at 0x119b4efc208 of 512 bytes failed: 仅完成部分的 ReadProcessMemory 或 WriteProcessMemory 请求。 (0x12B)
[0327/174922.276:ERROR:process_memory_win.cc(73)] ReadMemory at 0x119b4efc568 of 800 bytes failed: 仅完成部分的 ReadProcessMemory 或 WriteProcessMemory 请求。 (0x12B)
[0327/174922.276:ERROR:process_memory_win.cc(73)] ReadMemory at 0x119b4f00978 of 512 bytes failed: 仅完成部分的 ReadProcessMemory 或 WriteProcessMemory 请求。 (0x12B)
[0327/174922.276:ERROR:process_memory_win.cc(73)] ReadMemory at 0x119b4f0d7f0 of 512 bytes failed: 仅完成部分的 ReadProcessMemory 或 WriteProcessMemory 请求。 (0x12B)
[0327/174922.276:ERROR:process_memory_win.cc(73)] ReadMemory at 0x119b4f10700 of 712 bytes failed: 仅完成部分的 ReadProcessMemory 或 WriteProcessMemory 请求。 (0x12B)
[0327/174922.277:ERROR:process_memory_win.cc(73)] ReadMemory at 0x119b4f2b030 of 512 bytes failed: 仅完成部分的 ReadProcessMemory 或 WriteProcessMemory 请求。 (0x12B)
[0327/174922.277:ERROR:process_memory_win.cc(73)] ReadMemory at 0x119b4f3de81 of 512 bytes failed: 仅完成部分的 ReadProcessMemory 或 WriteProcessMemory 请求。 (0x12B)
[0327/174922.277:ERROR:process_memory_win.cc(73)] ReadMemory at 0x119b6d20000 of 384 bytes failed: 仅完成部分的 ReadProcessMemory 或 WriteProcessMemory 请求。 (0x12B)
[0327/174922.277:ERROR:process_memory_win.cc(73)] ReadMemory at 0x119b6d56480 of 512 bytes failed: 仅完成部分的 ReadProcessMemory 或 WriteProcessMemory 请求。 (0x12B)
[0327/174922.277:ERROR:process_memory_win.cc(73)] ReadMemory at 0x119b6ef43c0 of 512 bytes failed: 仅完成部分的 ReadProcessMemory 或 WriteProcessMemory 请求。 (0x12B)
[0327/174922.278:ERROR:process_memory_win.cc(73)] ReadMemory at 0x119b718e420 of 512 bytes failed: 仅完成部分的 ReadProcessMemory 或 WriteProcessMemory 请求。 (0x12B)
[0327/174922.278:ERROR:process_memory_win.cc(73)] ReadMemory at 0x119b718ebf8 of 512 bytes failed: 仅完成部分的 ReadProcessMemory 或 WriteProcessMemory 请求。 (0x12B)
[0327/174922.278:ERROR:process_memory_win.cc(73)] ReadMemory at 0x231b33249b0 of 512 bytes failed: 仅完成部分的 ReadProcessMemory 或 WriteProcessMemory 请求。 (0x12B)
[0327/174922.278:ERROR:process_memory_win.cc(73)] ReadMemory at 0x7ff806c5036c of 512 bytes failed: 仅完成部分的 ReadProcessMemory 或 WriteProcessMemory 请求。 (0x12B)
[0327/174922.278:ERROR:process_memory_win.cc(73)] ReadMemory at 0x7ff8079e3e3b of 512 bytes failed: 仅完成部分的 ReadProcessMemory 或 WriteProcessMemory 请求。 (0x12B)
[0327/174922.279:ERROR:process_memory_win.cc(73)] ReadMemory at 0x7ff864adff00 of 512 bytes failed: 仅完成部分的 ReadProcessMemory 或 WriteProcessMemory 请求。 (0x12B)
[0327/174922.279:ERROR:process_memory_win.cc(73)] ReadMemory at 0x7ff864b2f754 of 672 bytes failed: 仅完成部分的 ReadProcessMemory 或 WriteProcessMemory 请求。 (0x12B)
[0327/174922.279:ERROR:process_memory_win.cc(73)] ReadMemory at 0x7ff864b2fd54 of 512 bytes failed: 仅完成部分的 ReadProcessMemory 或 WriteProcessMemory 请求。 (0x12B)
[0327/174922.279:ERROR:process_memory_win.cc(73)] ReadMemory at 0x7ff864b32fe4 of 608 bytes failed: 仅完成部分的 ReadProcessMemory 或 WriteProcessMemory 请求。 (0x12B)
[0327/174922.279:ERROR:process_memory_win.cc(73)] ReadMemory at 0x7ff864bbc0c8 of 18 bytes failed: 仅完成部分的 ReadProcessMemory 或 WriteProcessMemory 请求。 (0x12B)
[0327/174922.279:ERROR:process_memory_win.cc(73)] ReadMemory at 0x7ff864bef4f8 of 40 bytes failed: 仅完成部分的 ReadProcessMemory 或 WriteProcessMemory 请求。 (0x12B)
[0327/174922.280:ERROR:process_memory_win.cc(73)] ReadMemory at 0x7ff864bef978 of 48 bytes failed: 仅完成部分的 ReadProcessMemory 或 WriteProcessMemory 请求。 (0x12B)
[0327/174922.280:ERROR:process_memory_win.cc(73)] ReadMemory at 0x7ff864bf53a0 of 64 bytes failed: 仅完成部分的 ReadProcessMemory 或 WriteProcessMemory 请求。 (0x12B)
[0327/174922.282:ERROR:scoped_process_suspend.cc(40)] NtResumeProcess: 已尝试访问正在退出的过程。 (0xc000010a)
